<?xml version="1.0" encoding="UTF-8"?>
<!-- Generated by org.testng.reporters.JUnitReportReporter -->
<testsuite hostname="DESKTOP-2ILKCN7" failures="0" tests="6" name="com.liveguru.user.User_02_Login_To_System" time="0.008" errors="0" timestamp="14 Oct 2021 06:55:08 GMT" skipped="0">
  <testcase classname="com.liveguru.user.User_02_Login_To_System" name="Login_01_Empty_Email_And_Password" time="0.001"/>
  <testcase classname="com.liveguru.user.User_02_Login_To_System" name="Login_04_Password_Less_Than_6_Chars" time="0.001"/>
  <testcase classname="com.liveguru.user.User_02_Login_To_System" name="Login_06_Valid_Email_Password" time="0.000"/>
  <testcase classname="com.liveguru.user.User_02_Login_To_System" name="Login_03_Email_Not_Existing" time="0.002"/>
  <testcase classname="com.liveguru.user.User_02_Login_To_System" name="Login_05_Incorrect_Password" time="0.004"/>
  <testcase classname="com.liveguru.user.User_02_Login_To_System" name="Login_02_EInvalid_Email" time="0.000"/>
</testsuite> <!-- com.liveguru.user.User_02_Login_To_System -->
