<?xml version="1.0" encoding="UTF-8"?>
<!-- Generated by org.testng.reporters.JUnitReportReporter -->
<testsuite hostname="DESKTOP-2ILKCN7" failures="0" tests="5" name="com.liveguru.user.User_01_Register_To_System" time="0.009" errors="0" timestamp="14 Oct 2021 06:55:08 GMT" skipped="0">
  <testcase classname="com.liveguru.user.User_01_Register_To_System" name="Register_02_Invalid_Email" time="0.001"/>
  <testcase classname="com.liveguru.user.User_01_Register_To_System" name="Register_01_Empty_Data" time="0.005"/>
  <testcase classname="com.liveguru.user.User_01_Register_To_System" name="Register_05_Valid_Data" time="0.001"/>
  <testcase classname="com.liveguru.user.User_01_Register_To_System" name="Register_04_Confirm_Password_Not_Matching_Password" time="0.001"/>
  <testcase classname="com.liveguru.user.User_01_Register_To_System" name="Register_03_Password_Less_Than_6_Chars" time="0.001"/>
</testsuite> <!-- com.liveguru.user.User_01_Register_To_System -->
